2014-Aug-06 20:10:11 Наличие необходимых модулей php (check_php_modules): Ok
Все необходимые модули установлены
2014-Aug-06 20:10:11 Обязательные параметры PHP (check_php_settings): Ok
Настройки правильные
2014-Aug-06 20:10:11 Модули веб-сервера (check_security): Ok
Конфликтов не выявлено
2014-Aug-06 20:10:11 Значения переменных сервера (check_server_vars): Ok
Корректные
2014-Aug-06 20:10:11 Сохранение сессии (check_session): Ok
50% done
2014-Aug-06 20:10:11 Сохранение сессии (check_session): Ok
Успешно
2014-Aug-06 20:10:11 Параметры настройки UTF (mbstring и константа BX_UTF) (check_mbstring): Ok
Правильные. Сайт работает в UTF кодировке
2014-Aug-06 20:10:12 Работа с сокетами (check_socket): Ok
Connection to kitorsk.dev:80	Success

Успешно
2014-Aug-06 20:10:12 Лишний вывод в файлах конфигурации (check_dbconn): Ok
Connection to kitorsk.dev:80	Success

Успешно
2014-Aug-06 20:10:12 Выполнение агентов на cron (check_bx_crontab): Ok
Успешно
2014-Aug-06 20:10:12 Сохранение сессии без UserAgent (check_session_ua): Ok
50% done
Connection to kitorsk.dev:80	Success

2014-Aug-06 20:10:12 Сохранение сессии без UserAgent (check_session_ua): Ok
Connection to kitorsk.dev:80	Success

Успешно
2014-Aug-06 20:10:12 Настройки сайтов (check_sites): Ok
Правильные
2014-Aug-06 20:10:12 Служебные скрипты в корне сайта (check_install_scripts): Ok
Отсутствуют
2014-Aug-06 20:10:12 Передача объектов по ссылке (check_clone): Ok
Успешно
2014-Aug-06 20:10:12 Размер стека и pcre.recursion_limit (check_pcre_recursion): Warning
Connection to kitorsk.dev:80	Success

Замечание. Возможны проблемы в работе с длинными строками из-за системных ограничений
2014-Aug-06 20:10:12 Вызов method_exists на строке (check_method_exists): Ok
Connection to kitorsk.dev:80	Success

Успешно
2014-Aug-06 20:10:12 Загрузка файла (check_upload): Ok
Connection to kitorsk.dev:80	Success

Успешно
2014-Aug-06 20:10:12 Загрузка файла больше 4Мб (check_upload_big): Ok
Connection to kitorsk.dev:80	Success

Успешно
2014-Aug-06 20:10:12 Загрузка файла через php://input (check_upload_raw): Ok
Connection to kitorsk.dev:80	Success

Успешно
2014-Aug-06 20:10:12 Передача POST запроса с большим числом параметров (check_post): Ok
Connection to kitorsk.dev:80	Success

Успешно
2014-Aug-06 20:10:13 Отправка почты (check_mail): Fail
Ошибка! Отправлено. Время отправки: 1.41 сек.
2014-Aug-06 20:11:36 Отправка почтового сообщения больше 64Кб (check_mail_big): Fail
Ошибка! Отправлено. Время отправки: 82.73 сек.
2014-Aug-06 20:11:36 Проверка на наличие неотправленных сообщений (check_mail_b_event): Ok
Успешно
2014-Aug-06 20:11:36 Внутреннее перенаправление (функция LocalRedirect) (check_localredirect): Ok
50% done
Connection to kitorsk.dev:80	Success

2014-Aug-06 20:11:36 Внутреннее перенаправление (функция LocalRedirect) (check_localredirect): Ok
Connection to kitorsk.dev:80	Success

Успешно
2014-Aug-06 20:11:36 Фактическое ограничение памяти (check_memory_limit): Ok
20% done
Connection to kitorsk.dev:80	Success

2014-Aug-06 20:11:36 Фактическое ограничение памяти (check_memory_limit): Ok
40% done
Connection to kitorsk.dev:80	Success

2014-Aug-06 20:11:37 Фактическое ограничение памяти (check_memory_limit): Ok
60% done
Connection to kitorsk.dev:80	Success

2014-Aug-06 20:11:37 Фактическое ограничение памяти (check_memory_limit): Ok
80% done
Connection to kitorsk.dev:80	Success

2014-Aug-06 20:11:37 Фактическое ограничение памяти (check_memory_limit): Warning
Connection to kitorsk.dev:80	Success

Замечание. Не менее 256 М Значение memory_limit было увеличено с 128M до 512M на момент тестирования через ini_set.
2014-Aug-06 20:11:37 Работа с файлами кеша (check_cache): Ok
Успешно
2014-Aug-06 20:11:37 Доступ к серверу обновлений (check_update): Ok
Успешно
2014-Aug-06 20:11:37 HTTP авторизация (check_http_auth): Ok
Connection to kitorsk.dev:80	Success

Успешно
2014-Aug-06 20:11:37 Создание и запуск файла (check_exec): Ok
Connection to kitorsk.dev:80	Success

Успешно
2014-Aug-06 20:11:37 Функция getimagesize для swf (check_getimagesize): Ok
Успешно
2014-Aug-06 20:11:37 Версия MySQL сервера (check_mysql_bug_version): Ok
Успешно
2014-Aug-06 20:11:39 Время на БД и веб сервере (check_mysql_time): Fail
Ошибка! Время отличается на 7200 секунд
2014-Aug-06 20:11:39 Режим работы MySQL (check_mysql_mode): Ok
Успешно
2014-Aug-06 20:11:39 Кодировка соединения (check_mysql_connection_charset): Ok
character_set_connection=utf8, collation_connection=utf8_unicode_ci, character_set_results=utf8
Успешно
2014-Aug-06 20:11:39 Кодировка базы данных (check_mysql_db_charset): Ok
CHARSET=utf8, COLLATION=utf8_unicode_ci
Успешно
2014-Aug-06 20:11:39 Кодировки таблиц в БД (check_mysql_table_charset): Ok
Успешно
2014-Aug-06 20:11:39 Структура базы данных (check_mysql_table_structure): Ok
0% done
2014-Aug-06 20:11:39 Структура базы данных (check_mysql_table_structure): Ok
7% done
2014-Aug-06 20:11:41 Структура базы данных (check_mysql_table_structure): Ok
15% done
2014-Aug-06 20:11:41 Структура базы данных (check_mysql_table_structure): Ok
23% done
2014-Aug-06 20:11:41 Структура базы данных (check_mysql_table_structure): Ok
30% done
2014-Aug-06 20:11:43 Структура базы данных (check_mysql_table_structure): Ok
38% done
2014-Aug-06 20:11:44 Структура базы данных (check_mysql_table_structure): Ok
46% done
2014-Aug-06 20:11:50 Структура базы данных (check_mysql_table_structure): Ok
53% done
2014-Aug-06 20:11:50 Структура базы данных (check_mysql_table_structure): Ok
61% done
2014-Aug-06 20:12:05 Структура базы данных (check_mysql_table_structure): Ok
69% done
2014-Aug-06 20:12:05 Структура базы данных (check_mysql_table_structure): Ok
76% done
2014-Aug-06 20:12:06 Структура базы данных (check_mysql_table_structure): Ok
84% done
2014-Aug-06 20:12:09 Структура базы данных (check_mysql_table_structure): Ok
92% done
2014-Aug-06 20:12:09 Структура базы данных (check_mysql_table_structure): Ok
Успешно
